<testsuites>
  <testsuite errors="0" failures="0" name="com.soundcloud.android.auth.signup.SmartFields" tests="1" time="7.497" timestamp="2014-09-13 22:03:34 +0200">
    <testcase classname="com.soundcloud.android.auth.signup.SmartFields" name="testDoneButtonBehavior" time="7.497">
    </testcase>
  </testsuite>
  <testsuite errors="0" failures="1" name="com.soundcloud.android.explore.Explore" tests="1" time="16.871" timestamp="2014-09-13 22:03:34 +0200">
    <testcase classname="com.soundcloud.android.explore.Explore" name="testTendingMusicLoadsNextPage" time="16.871">
      <failure message="" type="">
        <![CDATA[junit.framework.AssertionFailedError: Expected: <null> but was: Account {name=Slawomir Smiechowy 2, type=com.soundcloud.android.account}
	at com.soundcloud.android.tests.ActivityTestCase.tearDown(ActivityTestCase.java:72)
	at android.test.AndroidTestRunner.runTest(AndroidTestRunner.java:191)
	at android.test.AndroidTestRunner.runTest(AndroidTestRunner.java:176)
	at android.test.InstrumentationTestRunner.onStart(InstrumentationTestRunner.java:554)
	at com.soundcloud.android.tests.RandomizingRunner.onStart(RandomizingRunner.java:11)
	at android.app.Instrumentation$InstrumentationThread.run(Instrumentation.java:1701)]]>
      </failure>
    </testcase>
  </testsuite>
</testsuites>
